<?xml version="1.0" encoding="UTF-8"?>
<testsuite xmlns:xsi="http://www.w3.org/2001/XMLSchema-instance" xsi:noNamespaceSchemaLocation="https://maven.apache.org/surefire/maven-surefire-plugin/xsd/surefire-test-report.xsd" name="com.jorge.mytests.CalculatorTest" time="0.196" tests="3" errors="0" skipped="1" failures="0">
  <properties>
[...]
</properties>
  <testcase name="testSub" classname="com.jorge.mytests.CalculatorTest" time="0">
    <skipped message="void com.jorge.mytests.CalculatorTest.testSub() is @Disabled"/>
    <system-out><![CDATA[Creating Object 
]]></system-out>
  </testcase>
  <testcase name="testAdd" classname="com.jorge.mytests.CalculatorTest" time="0.04"/>
  <testcase name="testDivision" classname="com.jorge.mytests.CalculatorTest" time="0.011"/>
</testsuite>